<?xml version='1.0' encoding='UTF-8'?>
<!DOCTYPE coverage SYSTEM 'http://cobertura.sourceforge.net/xml/coverage-04.dtd'>
<coverage line-rate="0.8425869432580841" branch-rate="0.36651662049861494" lines-covered="2762" lines-valid="3278" branches-covered="4234" branches-valid="11552" complexity="0.0" timestamp="1600678615" version="gcovr 4.2">
  <sources>
    <source>.</source>
  </sources>
  <packages>
    <package name=".usr.include.c++.10" line-rate="0.5510204081632653" branch-rate="0.2876712328767123" complexity="0.0">
      <classes>
        <class name="initializer_list" filename="/usr/include/c++/10/initializer_list" line-rate="1.0" branch-rate="0.5" complexity="0.0">
          <methods/>
          <lines>
            <line number="71" hits="144" branch="false"/>
            <line number="75" hits="144" branch="false"/>
            <line number="79" hits="144" branch="true" condition-coverage="50% (1/2)">
              <conditions>
                <condition number="0" type="jump" coverage="50%"/>
              </conditions>
            </line>
          </lines>
        </class>
        <class name="iomanip" filename="/usr/include/c++/10/iomanip" line-rate="0.0" branch-rate="0.0" complexity="0.0">
          <methods/>
          <lines>
            <line number="195" hits="0" branch="false"/>
            <line number="196" hits="0" branch="true" condition-coverage="0% (0/8)">
              <conditions>
                <condition number="0" type="jump" coverage="0%"/>
              </conditions>
            </line>
            <line number="208" hits="0" branch="false"/>
            <line number="210" hits="0" branch="true" condition-coverage="0% (0/8)">
              <conditions>
                <condition number="0" type="jump" coverage="0%"/>
              </conditions>
            </line>
          </lines>
        </class>
        <class name="new" filename="/usr/include/c++/10/new" line-rate="1.0" branch-rate="0.6896551724137931" complexity="0.0">
          <methods/>
          <lines>
            <line number="174" hits="2704" branch="false"/>
            <line number="175" hits="2684" branch="true" condition-coverage="69% (20/29)">
              <conditions>
                <condition number="0" type="jump" coverage="69%"/>
              </conditions>
            </line>
          </lines>
        </class>
        <class name="ostream" filename="/usr/include/c++/10/ostream" line-rate="0.14285714285714285" branch-rate="0.0" complexity="0.0">
          <methods/>
          <lines>
            <line number="108" hits="44" branch="false"/>
            <line number="113" hits="44" branch="false"/>
            <line number="170" hits="0" branch="false"/>
            <line number="171" hits="0" branch="false"/>
            <line number="192" hits="0" branch="false"/>
            <line number="196" hits="0" branch="false"/>
            <line number="201" hits="0" branch="false"/>
            <line number="202" hits="0" branch="false"/>
            <line number="220" hits="0" branch="false"/>
            <line number="221" hits="0" branch="true" condition-coverage="0% (0/4)">
              <conditions>
                <condition number="0" type="jump" coverage="0%"/>
              </conditions>
            </line>
            <line number="224" hits="0" branch="false"/>
            <line number="228" hits="0" branch="true" condition-coverage="0% (0/4)">
              <conditions>
                <condition number="0" type="jump" coverage="0%"/>
              </conditions>
            </line>
            <line number="250" hits="0" branch="false"/>
            <line number="251" hits="0" branch="false"/>
          </lines>
        </class>
        <class name="sstream" filename="/usr/include/c++/10/sstream" line-rate="0.0" branch-rate="0.0" complexity="0.0">
          <methods/>
          <lines>
            <line number="831" hits="0" branch="false"/>
            <line number="832" hits="0" branch="true" condition-coverage="0% (0/12)">
              <conditions>
                <condition number="0" type="jump" coverage="0%"/>
              </conditions>
            </line>
          </lines>
        </class>
        <class name="tuple" filename="/usr/include/c++/10/tuple" line-rate="1.0" branch-rate="0.0" complexity="0.0">
          <methods/>
          <lines>
            <line number="129" hits="108" branch="false"/>
            <line number="130" hits="54" branch="false"/>
            <line number="166" hits="54" branch="false"/>
            <line number="349" hits="54" branch="false"/>
            <line number="358" hits="54" branch="false"/>
            <line number="359" hits="54" branch="false"/>
            <line number="373" hits="54" branch="false"/>
            <line number="375" hits="54" branch="false"/>
            <line number="634" hits="54" branch="false"/>
            <line number="636" hits="54" branch="false"/>
            <line number="663" hits="54" branch="false"/>
            <line number="1283" hits="54" branch="false"/>
            <line number="1284" hits="54" branch="false"/>
            <line number="1294" hits="54" branch="false"/>
            <line number="1295" hits="54" branch="false"/>
            <line number="1673" hits="54" branch="false"/>
            <line number="1678" hits="54" branch="false"/>
            <line number="1685" hits="54" branch="false"/>
            <line number="1688" hits="54" branch="false"/>
            <line number="1689" hits="54" branch="false"/>
          </lines>
        </class>
        <class name="typeinfo" filename="/usr/include/c++/10/typeinfo" line-rate="0.0" branch-rate="0.0" complexity="0.0">
          <methods/>
          <lines>
            <line number="120" hits="0" branch="false"/>
            <line number="122" hits="0" branch="false"/>
            <line number="123" hits="0" branch="true" condition-coverage="0% (0/4)">
              <conditions>
                <condition number="0" type="jump" coverage="0%"/>
              </conditions>
            </line>
            <line number="124" hits="0" branch="true" condition-coverage="0% (0/2)">
              <conditions>
                <condition number="0" type="jump" coverage="0%"/>
              </conditions>
            </line>
          </lines>
        </class>
      </classes>
    </package>
    <package name=".usr.include.c++.10.bits" line-rate="0.8331846565566459" branch-rate="0.5752498530276308" complexity="0.0">
      <classes>
        <class name="alloc_traits_h" filename="/usr/include/c++/10/bits/alloc_traits.h" line-rate="1.0" branch-rate="0.576271186440678" complexity="0.0">
          <methods/>
          <lines>
            <line number="245" hits="560" branch="false"/>
            <line number="247" hits="1004" branch="false"/>
            <line number="253" hits="666" branch="true" condition-coverage="33% (1/3)">
              <conditions>
                <condition number="0" type="jump" coverage="33%"/>
              </conditions>
            </line>
            <line number="257" hits="1250" branch="true" condition-coverage="60% (6/10)">
              <conditions>
                <condition number="0" type="jump" coverage="60%"/>
              </conditions>
            </line>
            <line number="261" hits="472" branch="false"/>
            <line number="265" hits="1862" branch="false"/>
            <line number="268" hits="1862" branch="false"/>
            <line number="313" hits="1566" branch="false"/>
            <line number="314" hits="1566" branch="false"/>
            <line number="340" hits="1864" branch="false"/>
            <line number="341" hits="2" branch="false"/>
            <line number="356" hits="738" branch="true" condition-coverage="50% (2/4)">
              <conditions>
                <condition number="0" type="jump" coverage="50%"/>
              </conditions>
            </line>
            <line number="360" hits="1878" branch="true" condition-coverage="58% (7/12)">
              <conditions>
                <condition number="0" type="jump" coverage="58%"/>
              </conditions>
            </line>
            <line number="372" hits="1464" branch="true" condition-coverage="100% (2/2)">
              <conditions>
                <condition number="0" type="jump" coverage="100%"/>
              </conditions>
            </line>
            <line number="374" hits="1862" branch="false"/>
            <line number="459" hits="1672" branch="true" condition-coverage="75% (3/4)">
              <conditions>
                <condition number="0" type="jump" coverage="75%"/>
              </conditions>
            </line>
            <line number="460" hits="1160" branch="true" condition-coverage="50% (1/2)">
              <conditions>
                <condition number="0" type="jump" coverage="50%"/>
              </conditions>
            </line>
            <line number="491" hits="2884" branch="false"/>
            <line number="492" hits="2862" branch="false"/>
            <line number="507" hits="934" branch="true" condition-coverage="50% (1/2)">
              <conditions>
                <condition number="0" type="jump" coverage="50%"/>
              </conditions>
            </line>
            <line number="512" hits="1424" branch="true" condition-coverage="100% (4/4)">
              <conditions>
                <condition number="0" type="jump" coverage="100%"/>
              </conditions>
            </line>
            <line number="527" hits="1738" branch="true" condition-coverage="25% (1/4)">
              <conditions>
                <condition number="0" type="jump" coverage="25%"/>
              </conditions>
            </line>
            <line number="531" hits="1738" branch="false"/>
            <line number="543" hits="146" branch="true" condition-coverage="50% (3/6)">
              <conditions>
                <condition number="0" type="jump" coverage="50%"/>
              </conditions>
            </line>
            <line number="546" hits="146" branch="true" condition-coverage="50% (3/6)">
              <conditions>
                <condition number="0" type="jump" coverage="50%"/>
              </conditions>
            </line>
            <line number="558" hits="106" branch="false"/>
            <line number="559" hits="106" branch="false"/>
            <line number="735" hits="584" branch="false"/>
            <line number="738" hits="584" branch="false"/>
            <line number="739" hits="510" branch="false"/>
          </lines>
        </class>
        <class name="allocated_ptr_h" filename="/usr/include/c++/10/bits/allocated_ptr.h" line-rate="1.0" branch-rate="0.5151515151515151" complexity="0.0">
          <methods/>
          <lines>
            <line number="52" hits="2338" branch="true" condition-coverage="50% (1/2)">
              <conditions>
                <condition number="0" type="jump" coverage="50%"/>
              </conditions>
            </line>
            <line number="53" hits="2338" branch="true" condition-coverage="50% (1/2)">
              <conditions>
                <condition number="0" type="jump" coverage="50%"/>
              </conditions>
            </line>
            <line number="70" hits="4000" branch="false"/>
            <line number="72" hits="942" branch="true" condition-coverage="16% (2/12)">
              <conditions>
                <condition number="0" type="jump" coverage="16%"/>
              </conditions>
            </line>
            <line number="73" hits="1864" branch="false"/>
            <line number="74" hits="2012" branch="false"/>
            <line number="78" hits="1084" branch="false"/>
            <line number="80" hits="476" branch="false"/>
            <line number="85" hits="1192" branch="true" condition-coverage="76% (13/17)">
              <conditions>
                <condition number="0" type="jump" coverage="76%"/>
              </conditions>
            </line>
            <line number="95" hits="1566" branch="false"/>
            <line number="97" hits="1566" branch="false"/>
          </lines>
        </class>
        <class name="allocator_h" filename="/usr/include/c++/10/bits/allocator.h" line-rate="1.0" branch-rate="0.5714285714285714" complexity="0.0">
          <methods/>
          <lines>
            <line number="144" hits="532" branch="true" condition-coverage="58% (7/12)">
              <conditions>
                <condition number="0" type="jump" coverage="58%"/>
              </conditions>
            </line>
            <line number="147" hits="678" branch="true" condition-coverage="75% (3/4)">
              <conditions>
                <condition number="0" type="jump" coverage="75%"/>
              </conditions>
            </line>
            <line number="148" hits="678" branch="true" condition-coverage="75% (3/4)">
              <conditions>
                <condition number="0" type="jump" coverage="75%"/>
              </conditions>
            </line>
            <line number="157" hits="1158" branch="false"/>
            <line number="162" hits="1957" branch="true" condition-coverage="46% (7/15)">
              <conditions>
                <condition number="0" type="jump" coverage="46%"/>
              </conditions>
            </line>
          </lines>
        </class>
        <class name="basic_string_h" filename="/usr/include/c++/10/bits/basic_string.h" line-rate="0.62" branch-rate="0.11764705882352941" complexity="0.0">
          <methods/>
          <lines>
            <line number="150" hits="716" branch="false"/>
            <line number="156" hits="416" branch="true" condition-coverage="50% (1/2)">
              <conditions>
                <condition number="0" type="jump" coverage="50%"/>
              </conditions>
            </line>
            <line number="157" hits="416" branch="false"/>
            <line number="159" hits="0" branch="false"/>
            <line number="160" hits="0" branch="false"/>
            <line number="178" hits="2949" branch="false"/>
            <line number="179" hits="2949" branch="false"/>
            <line number="182" hits="10153" branch="false"/>
            <line number="183" hits="10153" branch="false"/>
            <line number="186" hits="20306" branch="false"/>
            <line number="187" hits="10153" branch="false"/>
            <line number="190" hits="416" branch="false"/>
            <line number="193" hits="416" branch="false"/>
            <line number="210" hits="2949" branch="false"/>
            <line number="211" hits="2949" branch="false"/>
            <line number="214" hits="10153" branch="false"/>
            <line number="216" hits="10153" branch="false"/>
            <line number="217" hits="10153" branch="false"/>
            <line number="243" hits="416" branch="false"/>
            <line number="247" hits="416" branch="false"/>
            <line number="263" hits="416" branch="false"/>
            <line number="266" hits="416" branch="false"/>
            <line number="392" hits="2767" branch="false"/>
            <line number="393" hits="2767" branch="false"/>
            <line number="396" hits="7386" branch="false"/>
            <line number="398" hits="7386" branch="false"/>
            <line number="431" hits="0" branch="false"/>
            <line number="433" hits="0" branch="false"/>
            <line number="434" hits="0" branch="false"/>
            <line number="525" hits="310" branch="true" condition-coverage="0% (0/6)">
              <conditions>
                <condition number="0" type="jump" coverage="0%"/>
              </conditions>
            </line>
            <line number="526" hits="416" branch="true" condition-coverage="50% (1/2)">
              <conditions>
                <condition number="0" type="jump" coverage="50%"/>
              </conditions>
            </line>
            <line number="527" hits="416" branch="true" condition-coverage="50% (1/2)">
              <conditions>
                <condition number="0" type="jump" coverage="50%"/>
              </conditions>
            </line>
            <line number="657" hits="236" branch="false"/>
            <line number="658" hits="716" branch="true" condition-coverage="50% (1/2)">
              <conditions>
                <condition number="0" type="jump" coverage="50%"/>
              </conditions>
            </line>
            <line number="797" hits="0" branch="false"/>
            <line number="798" hits="0" branch="false"/>
            <line number="813" hits="0" branch="false"/>
            <line number="814" hits="0" branch="false"/>
            <line number="901" hits="0" branch="false"/>
            <line number="902" hits="0" branch="false"/>
            <line number="1470" hits="0" branch="false"/>
            <line number="1471" hits="0" branch="false"/>
            <line number="2299" hits="0" branch="false"/>
            <line number="2300" hits="0" branch="true" condition-coverage="0% (0/18)">
              <conditions>
                <condition number="0" type="jump" coverage="0%"/>
              </conditions>
            </line>
            <line number="2311" hits="0" branch="false"/>
            <line number="2312" hits="0" branch="false"/>
            <line number="6216" hits="8" branch="false"/>
            <line number="6218" hits="8" branch="false"/>
            <line number="6458" hits="0" branch="false"/>
            <line number="6463" hits="0" branch="true" condition-coverage="0% (0/2)">
              <conditions>
                <condition number="0" type="jump" coverage="0%"/>
              </conditions>
            </line>
          </lines>
        </class>
        <class name="basic_string_tcc" filename="/usr/include/c++/10/bits/basic_string.tcc" line-rate="0.9" branch-rate="0.5" complexity="0.0">
          <methods/>
          <lines>
            <line number="206" hits="10153" branch="true" condition-coverage="50% (1/2)">
              <conditions>
                <condition number="0" type="jump" coverage="50%"/>
              </conditions>
            </line>
            <line number="211" hits="10153" branch="true" condition-coverage="25% (1/4)">
              <conditions>
                <condition number="0" type="jump" coverage="25%"/>
              </conditions>
            </line>
            <line number="212" hits="0" branch="false"/>
            <line number="215" hits="10153" branch="false"/>
            <line number="217" hits="10153" branch="true" condition-coverage="100% (2/2)">
              <conditions>
                <condition number="0" type="jump" coverage="100%"/>
              </conditions>
            </line>
            <line number="219" hits="2949" branch="false"/>
            <line number="220" hits="10153" branch="false"/>
            <line number="225" hits="10153" branch="false"/>
            <line number="232" hits="10153" branch="false"/>
            <line number="233" hits="10153" branch="false"/>
          </lines>
        </class>
        <class name="char_traits_h" filename="/usr/include/c++/10/bits/char_traits.h" line-rate="1.0" branch-rate="0.0" complexity="0.0">
          <methods/>
          <lines>
            <line number="250" hits="416" branch="false"/>
            <line number="321" hits="10153" branch="false"/>
            <line number="322" hits="10153" branch="false"/>
            <line number="351" hits="416" branch="false"/>
            <line number="354" hits="416" branch="false"/>
            <line number="357" hits="416" branch="false"/>
          </lines>
        </class>
        <class name="cpp_type_traits_h" filename="/usr/include/c++/10/bits/cpp_type_traits.h" line-rate="1.0" branch-rate="0.5" complexity="0.0">
          <methods/>
          <lines>
            <line number="500" hits="12" branch="true" condition-coverage="50% (1/2)">
              <conditions>
                <condition number="0" type="jump" coverage="50%"/>
              </conditions>
            </line>
          </lines>
        </class>
        <class name="deque_tcc" filename="/usr/include/c++/10/bits/deque.tcc" line-rate="0.3559322033898305" branch-rate="0.21428571428571427" complexity="0.0">
          <methods/>
          <lines>
            <line number="140" hits="16" branch="false"/>
            <line number="143" hits="16" branch="true" condition-coverage="100% (2/2)">
              <conditions>
                <condition number="0" type="jump" coverage="100%"/>
              </conditions>
            </line>
            <line number="145" hits="14" branch="false"/>
            <line number="148" hits="14" branch="false"/>
            <line number="151" hits="2" branch="false"/>
            <line number="153" hits="16" branch="false"/>
            <line number="481" hits="0" branch="true" condition-coverage="0% (0/2)">
              <conditions>
                <condition number="0" type="jump" coverage="0%"/>
              </conditions>
            </line>
            <line number="489" hits="0" branch="true" condition-coverage="0% (0/2)">
              <conditions>
                <condition number="0" type="jump" coverage="0%"/>
              </conditions>
            </line>
            <line number="490" hits="0" branch="false"/>
            <line number="493" hits="0" branch="false"/>
            <line number="494" hits="0" branch="true" condition-coverage="0% (0/2)">
              <conditions>
                <condition number="0" type="jump" coverage="0%"/>
              </conditions>
            </line>
            <line number="498" hits="0" branch="true" condition-coverage="0% (0/2)">
              <conditions>
                <condition number="0" type="jump" coverage="0%"/>
              </conditions>
            </line>
            <line number="504" hits="0" branch="false"/>
            <line number="506" hits="0" branch="false"/>
            <line number="520" hits="2" branch="true" condition-coverage="50% (1/2)">
              <conditions>
                <condition number="0" type="jump" coverage="50%"/>
              </conditions>
            </line>
            <line number="528" hits="2" branch="true" condition-coverage="50% (1/2)">
              <conditions>
                <condition number="0" type="jump" coverage="50%"/>
              </conditions>
            </line>
            <line number="529" hits="0" branch="false"/>
            <line number="532" hits="2" branch="false"/>
            <line number="533" hits="2" branch="false"/>
            <line number="536" hits="2" branch="false"/>
            <line number="538" hits="2" branch="false"/>
            <line number="540" hits="2" branch="false"/>
            <line number="553" hits="2" branch="false"/>
            <line number="856" hits="510" branch="false"/>
            <line number="859" hits="510" branch="false"/>
            <line number="860" hits="510" branch="true" condition-coverage="50% (1/2)">
              <conditions>
                <condition number="0" type="jump" coverage="50%"/>
              </conditions>
            </line>
            <line number="861" hits="0" branch="false"/>
            <line number="862" hits="0" branch="false"/>
            <line number="864" hits="510" branch="true" condition-coverage="50% (1/2)">
              <conditions>
                <condition number="0" type="jump" coverage="50%"/>
              </conditions>
            </line>
            <line number="866" hits="0" branch="false"/>
            <line number="867" hits="0" branch="false"/>
            <line number="868" hits="0" branch="false"/>
            <line number="869" hits="0" branch="false"/>
            <line number="872" hits="510" branch="false"/>
            <line number="873" hits="510" branch="false"/>
            <line number="874" hits="510" branch="false"/>
            <line number="928" hits="0" branch="false"/>
            <line number="931" hits="0" branch="false"/>
            <line number="932" hits="0" branch="false"/>
            <line number="933" hits="0" branch="false"/>
            <line number="936" hits="0" branch="true" condition-coverage="0% (0/2)">
              <conditions>
                <condition number="0" type="jump" coverage="0%"/>
              </conditions>
            </line>
            <line number="938" hits="0" branch="false"/>
            <line number="939" hits="0" branch="false"/>
            <line number="940" hits="0" branch="true" condition-coverage="0% (0/2)">
              <conditions>
                <condition number="0" type="jump" coverage="0%"/>
              </conditions>
            </line>
            <line number="941" hits="0" branch="true" condition-coverage="0% (0/2)">
              <conditions>
                <condition number="0" type="jump" coverage="0%"/>
              </conditions>
            </line>
            <line number="942" hits="0" branch="false"/>
            <line number="946" hits="0" branch="false"/>
            <line number="952" hits="0" branch="false"/>
            <line number="953" hits="0" branch="true" condition-coverage="0% (0/2)">
              <conditions>
                <condition number="0" type="jump" coverage="0%"/>
              </conditions>
            </line>
            <line number="956" hits="0" branch="false"/>
            <line number="957" hits="0" branch="false"/>
            <line number="958" hits="0" branch="true" condition-coverage="0% (0/2)">
              <conditions>
                <condition number="0" type="jump" coverage="0%"/>
              </conditions>
            </line>
            <line number="959" hits="0" branch="false"/>
            <line number="960" hits="0" branch="false"/>
            <line number="962" hits="0" branch="false"/>
            <line number="964" hits="0" branch="false"/>
            <line number="965" hits="0" branch="false"/>
            <line number="968" hits="0" branch="false"/>
            <line number="969" hits="0" branch="false"/>
          </lines>
        </class>
        <class name="invoke_h" filename="/usr/include/c++/10/bits/invoke.h" line-rate="0.5" branch-rate="0.0" complexity="0.0">
          <methods/>
          <lines>
            <line number="59" hits="12" branch="false"/>
            <line number="60" hits="12" branch="false"/>
            <line number="103" hits="0" branch="false"/>
            <line number="110" hits="0" branch="false"/>
          </lines>
        </class>
        <class name="ios_base_h" filename="/usr/include/c++/10/bits/ios_base.h" line-rate="0.0" branch-rate="0.0" complexity="0.0">
          <methods/>
          <lines>
            <line number="705" hits="0" branch="false"/>
            <line number="707" hits="0" branch="false"/>
            <line number="708" hits="0" branch="false"/>
            <line number="709" hits="0" branch="true" condition-coverage="0% (0/8)">
              <conditions>
                <condition number="0" type="jump" coverage="0%"/>
              </conditions>
            </line>
          </lines>
        </class>
        <class name="list_tcc" filename="/usr/include/c++/10/bits/list.tcc" line-rate="1.0" branch-rate="0.625" complexity="0.0">
          <methods/>
          <lines>
            <line number="66" hits="832" branch="false"/>
            <line number="70" hits="832" branch="false"/>
            <line number="71" hits="3204" branch="false"/>
            <line number="73" hits="2372" branch="false"/>
            <line number="74" hits="2372" branch="true" condition-coverage="50% (1/2)">
              <conditions>
                <condition number="0" type="jump" coverage="50%"/>
              </conditions>
            </line>
            <line number="75" hits="2372" branch="true" condition-coverage="50% (1/2)">
              <conditions>
                <condition number="0" type="jump" coverage="50%"/>
              </conditions>
            </line>
            <line number="77" hits="3988" branch="true" condition-coverage="50% (1/2)">
              <conditions>
                <condition number="0" type="jump" coverage="50%"/>
              </conditions>
            </line>
            <line number="81" hits="3204" branch="true" condition-coverage="100% (2/2)">
              <conditions>
                <condition number="0" type="jump" coverage="100%"/>
              </conditions>
            </line>
            <line number="83" hits="832" branch="false"/>
          </lines>
        </class>
        <class name="locale_facets_h" filename="/usr/include/c++/10/bits/locale_facets.h" line-rate="0.6" branch-rate="0.5" complexity="0.0">
          <methods/>
          <lines>
            <line number="872" hits="44" branch="false"/>
            <line number="874" hits="44" branch="true" condition-coverage="50% (1/2)">
              <conditions>
                <condition number="0" type="jump" coverage="50%"/>
              </conditions>
            </line>
            <line number="875" hits="44" branch="false"/>
            <line number="876" hits="0" branch="false"/>
            <line number="877" hits="0" branch="false"/>
          </lines>
        </class>
        <class name="move_h" filename="/usr/include/c++/10/bits/move.h" line-rate="1.0" branch-rate="0.723404255319149" complexity="0.0">
          <methods/>
          <lines>
            <line number="49" hits="4158" branch="true" condition-coverage="60% (3/5)">
              <conditions>
                <condition number="0" type="jump" coverage="60%"/>
              </conditions>
            </line>
            <line number="76" hits="5350" branch="true" condition-coverage="73% (50/68)">
              <conditions>
                <condition number="0" type="jump" coverage="73%"/>
              </conditions>
            </line>
            <line number="101" hits="1340" branch="true" condition-coverage="69% (9/13)">
              <conditions>
                <condition number="0" type="jump" coverage="69%"/>
              </conditions>
            </line>
            <line number="140" hits="416" branch="false"/>
            <line number="141" hits="416" branch="true" condition-coverage="50% (1/2)">
              <conditions>
                <condition number="0" type="jump" coverage="50%"/>
              </conditions>
            </line>
            <line number="189" hits="520" branch="false"/>
            <line number="197" hits="520" branch="false"/>
            <line number="198" hits="520" branch="false"/>
            <line number="199" hits="520" branch="true" condition-coverage="83% (5/6)">
              <conditions>
                <condition number="0" type="jump" coverage="83%"/>
              </conditions>
            </line>
          </lines>
        </class>
        <class name="ptr_traits_h" filename="/usr/include/c++/10/bits/ptr_traits.h" line-rate="1.0" branch-rate="0.7142857142857143" complexity="0.0">
          <methods/>
          <lines>
            <line number="146" hits="416" branch="true" condition-coverage="50% (1/2)">
              <conditions>
                <condition number="0" type="jump" coverage="50%"/>
              </conditions>
            </line>
            <line number="147" hits="416" branch="true" condition-coverage="50% (1/2)">
              <conditions>
                <condition number="0" type="jump" coverage="50%"/>
              </conditions>
            </line>
            <line number="156" hits="1192" branch="true" condition-coverage="76% (13/17)">
              <conditions>
                <condition number="0" type="jump" coverage="76%"/>
              </conditions>
            </line>
          </lines>
        </class>
        <class name="shared_ptr_base_h" filename="/usr/include/c++/10/bits/shared_ptr_base.h" line-rate="0.9171974522292994" branch-rate="0.6068435754189944" complexity="0.0">
          <methods/>
          <lines>
            <line number="120" hits="1198" branch="false"/>
            <line number="121" hits="1198" branch="false"/>
            <line number="124" hits="0" branch="false"/>
            <line number="141" hits="1130" branch="false"/>
            <line number="142" hits="1130" branch="true" condition-coverage="50% (1/2)">
              <conditions>
                <condition number="0" type="jump" coverage="50%"/>
              </conditions>
            </line>
            <line number="151" hits="4760" branch="false"/>
            <line number="155" hits="9520" branch="true" condition-coverage="75% (3/4)">
              <conditions>
                <condition number="0" type="jump" coverage="75%"/>
              </conditions>
            </line>
            <line number="158" hits="1724" branch="false"/>
            <line number="170" hits="3448" branch="true" condition-coverage="75% (3/4)">
              <conditions>
                <condition number="0" type="jump" coverage="75%"/>
              </conditions>
            </line>
            <line number="174" hits="1698" branch="false"/>
            <line number="177" hits="4760" branch="false"/>
            <line number="180" hits="372" branch="false"/>
            <line number="181" hits="372" branch="true" condition-coverage="50% (1/2)">
              <conditions>
                <condition number="0" type="jump" coverage="50%"/>
              </conditions>
            </line>
            <line number="184" hits="492" branch="false"/>
            <line number="188" hits="984" branch="true" condition-coverage="50% (2/4)">
              <conditions>
                <condition number="0" type="jump" coverage="50%"/>
              </conditions>
            </line>
            <line number="197" hits="0" branch="false"/>
            <line number="199" hits="492" branch="false"/>
            <line number="202" hits="0" branch="false"/>
            <line number="206" hits="0" branch="false"/>
            <line number="415" hits="1862" branch="false"/>
            <line number="417" hits="1198" branch="false"/>
            <line number="421" hits="3724" branch="false"/>
            <line number="511" hits="0" branch="false"/>
            <line number="513" hits="0" branch="false"/>
            <line number="514" hits="0" branch="false"/>
            <line number="529" hits="1862" branch="false"/>
            <line number="534" hits="928" branch="false"/>
            <line number="536" hits="3724" branch="false"/>
            <line number="546" hits="1198" branch="false"/>
            <line number="547" hits="1192" branch="true" condition-coverage="73% (11/15)">
              <conditions>
                <condition number="0" type="jump" coverage="73%"/>
              </conditions>
            </line>
            <line number="551" hits="874" branch="true" condition-coverage="50% (2/4)">
              <conditions>
                <condition number="0" type="jump" coverage="50%"/>
              </conditions>
            </line>
            <line number="553" hits="964" branch="false"/>
            <line number="555" hits="1862" branch="false"/>
            <line number="558" hits="3694" branch="false"/>
            <line number="560" hits="3694" branch="true" condition-coverage="100% (2/2)">
              <conditions>
                <condition number="0" type="jump" coverage="100%"/>
              </conditions>
            </line>
            <line number="561" hits="3694" branch="false"/>
            <line number="565" hits="3694" branch="false"/>
            <line number="567" hits="3694" branch="false"/>
            <line number="568" hits="3694" branch="false"/>
            <line number="569" hits="3694" branch="false"/>
            <line number="570" hits="3694" branch="false"/>
            <line number="578" hits="0" branch="false"/>
            <line number="580" hits="0" branch="false"/>
            <line number="586" hits="0" branch="true" condition-coverage="0% (0/2)">
              <conditions>
                <condition number="0" type="jump" coverage="0%"/>
              </conditions>
            </line>
            <line number="588" hits="0" branch="true" condition-coverage="0% (0/2)">
              <conditions>
                <condition number="0" type="jump" coverage="0%"/>
              </conditions>
            </line>
            <line number="593" hits="0" branch="false"/>
            <line number="597" hits="2638" branch="true" condition-coverage="60% (18/30)">
              <conditions>
                <condition number="0" type="jump" coverage="60%"/>
              </conditions>
            </line>
            <line number="619" hits="604" branch="false"/>
            <line number="675" hits="2366" branch="false"/>
            <line number="679" hits="2366" branch="false"/>
            <line number="680" hits="2366" branch="false"/>
            <line number="681" hits="2366" branch="false"/>
            <line number="682" hits="4264" branch="true" condition-coverage="50% (2/4)">
              <conditions>
                <condition number="0" type="jump" coverage="50%"/>
              </conditions>
            </line>
            <line number="683" hits="2196" branch="true" condition-coverage="100% (2/2)">
              <conditions>
                <condition number="0" type="jump" coverage="100%"/>
              </conditions>
            </line>
            <line number="684" hits="2362" branch="false"/>
            <line number="685" hits="2362" branch="false"/>
            <line number="686" hits="2362" branch="false"/>
            <line number="687" hits="2362" branch="false"/>
            <line number="730" hits="5496" branch="false"/>
            <line number="732" hits="980" branch="true" condition-coverage="53% (46/86)">
              <conditions>
                <condition number="0" type="jump" coverage="53%"/>
              </conditions>
            </line>
            <line number="733" hits="4150" branch="false"/>
            <line number="736" hits="1108" branch="false"/>
            <line number="737" hits="1108" branch="false"/>
            <line number="739" hits="692" branch="true" condition-coverage="45% (19/42)">
              <conditions>
                <condition number="0" type="jump" coverage="45%"/>
              </conditions>
            </line>
            <line number="740" hits="1108" branch="false"/>
            <line number="744" hits="22" branch="false"/>
            <line number="746" hits="22" branch="false"/>
            <line number="747" hits="22" branch="true" condition-coverage="50% (1/2)">
              <conditions>
                <condition number="0" type="jump" coverage="50%"/>
              </conditions>
            </line>
            <line number="749" hits="22" branch="true" condition-coverage="50% (1/2)">
              <conditions>
                <condition number="0" type="jump" coverage="50%"/>
              </conditions>
            </line>
            <line number="750" hits="22" branch="false"/>
            <line number="751" hits="22" branch="true" condition-coverage="50% (1/2)">
              <conditions>
                <condition number="0" type="jump" coverage="50%"/>
              </conditions>
            </line>
            <line number="752" hits="22" branch="false"/>
            <line number="753" hits="22" branch="false"/>
            <line number="755" hits="22" branch="false"/>
            <line number="759" hits="576" branch="false"/>
            <line number="761" hits="576" branch="false"/>
            <line number="762" hits="572" branch="false"/>
            <line number="763" hits="110" branch="false"/>
            <line number="802" hits="130" branch="false"/>
            <line number="805" hits="4" branch="false"/>
            <line number="806" hits="4" branch="false"/>
            <line number="808" hits="4" branch="false"/>
            <line number="809" hits="4" branch="false"/>
            <line number="812" hits="16" branch="false"/>
            <line number="813" hits="16" branch="false"/>
            <line number="815" hits="16" branch="false"/>
            <line number="816" hits="16" branch="false"/>
            <line number="823" hits="492" branch="false"/>
            <line number="825" hits="492" branch="false"/>
            <line number="826" hits="492" branch="false"/>
            <line number="830" hits="352" branch="false"/>
            <line number="832" hits="352" branch="false"/>
            <line number="833" hits="352" branch="true" condition-coverage="50% (1/2)">
              <conditions>
                <condition number="0" type="jump" coverage="50%"/>
              </conditions>
            </line>
            <line number="834" hits="352" branch="false"/>
            <line number="835" hits="352" branch="true" condition-coverage="50% (1/2)">
              <conditions>
                <condition number="0" type="jump" coverage="50%"/>
              </conditions>
            </line>
            <line number="836" hits="0" branch="false"/>
            <line number="837" hits="352" branch="false"/>
            <line number="838" hits="352" branch="false"/>
            <line number="872" hits="352" branch="false"/>
            <line number="873" hits="352" branch="true" condition-coverage="50% (1/2)">
              <conditions>
                <condition number="0" type="jump" coverage="50%"/>
              </conditions>
            </line>
            <line number="1008" hits="4" branch="false"/>
            <line number="1011" hits="4" branch="false"/>
            <line number="1015" hits="1168" branch="false"/>
            <line number="1018" hits="1168" branch="false"/>
            <line number="1023" hits="1172" branch="false"/>
            <line number="1024" hits="1172" branch="false"/>
            <line number="1121" hits="28" branch="false"/>
            <line number="1122" hits="26" branch="false"/>
            <line number="1166" hits="22" branch="false"/>
            <line number="1168" hits="22" branch="true" condition-coverage="50% (2/4)">
              <conditions>
                <condition number="0" type="jump" coverage="50%"/>
              </conditions>
            </line>
            <line number="1181" hits="1782" branch="true" condition-coverage="69% (171/245)">
              <conditions>
                <condition number="0" type="jump" coverage="69%"/>
              </conditions>
            </line>
            <line number="1182" hits="16" branch="false"/>
            <line number="1183" hits="7828" branch="true" condition-coverage="58% (281/483)">
              <conditions>
                <condition number="0" type="jump" coverage="58%"/>
              </conditions>
            </line>
            <line number="1186" hits="8" branch="false"/>
            <line number="1187" hits="16" branch="true" condition-coverage="50% (4/8)">
              <conditions>
                <condition number="0" type="jump" coverage="50%"/>
              </conditions>
            </line>
            <line number="1190" hits="400" branch="false"/>
            <line number="1191" hits="400" branch="false"/>
            <line number="1193" hits="400" branch="false"/>
            <line number="1194" hits="374" branch="true" condition-coverage="33% (1/3)">
              <conditions>
                <condition number="0" type="jump" coverage="33%"/>
              </conditions>
            </line>
            <line number="1198" hits="280" branch="false"/>
            <line number="1199" hits="280" branch="false"/>
            <line number="1201" hits="116" branch="true" condition-coverage="50% (1/2)">
              <conditions>
                <condition number="0" type="jump" coverage="50%"/>
              </conditions>
            </line>
            <line number="1202" hits="104" branch="false"/>
            <line number="1277" hits="576" branch="true" condition-coverage="100% (2/2)">
              <conditions>
                <condition number="0" type="jump" coverage="100%"/>
              </conditions>
            </line>
            <line number="1279" hits="1152" branch="false"/>
            <line number="1280" hits="576" branch="false"/>
            <line number="1285" hits="172" branch="true" condition-coverage="50% (1/2)">
              <conditions>
                <condition number="0" type="jump" coverage="50%"/>
              </conditions>
            </line>
            <line number="1287" hits="344" branch="false"/>
            <line number="1288" hits="172" branch="false"/>
            <line number="1324" hits="636" branch="true" condition-coverage="57% (97/170)">
              <conditions>
                <condition number="0" type="jump" coverage="57%"/>
              </conditions>
            </line>
            <line number="1325" hits="628" branch="true" condition-coverage="81% (133/164)">
              <conditions>
                <condition number="0" type="jump" coverage="81%"/>
              </conditions>
            </line>
            <line number="1328" hits="4" branch="false"/>
            <line number="1329" hits="4" branch="true" condition-coverage="50% (2/4)">
              <conditions>
                <condition number="0" type="jump" coverage="50%"/>
              </conditions>
            </line>
            <line number="1343" hits="466" branch="false"/>
            <line number="1345" hits="466" branch="true" condition-coverage="83% (5/6)">
              <conditions>
                <condition number="0" type="jump" coverage="83%"/>
              </conditions>
            </line>
            <line number="1346" hits="466" branch="true" condition-coverage="83% (5/6)">
              <conditions>
                <condition number="0" type="jump" coverage="83%"/>
              </conditions>
            </line>
            <line number="1370" hits="1420" branch="false"/>
            <line number="1371" hits="1420" branch="false"/>
            <line number="1372" hits="848" branch="false"/>
            <line number="1407" hits="574" branch="false"/>
            <line number="1409" hits="574" branch="true" condition-coverage="50% (2/4)">
              <conditions>
                <condition number="0" type="jump" coverage="50%"/>
              </conditions>
            </line>
            <line number="1410" hits="574" branch="false"/>
            <line number="1411" hits="574" branch="false"/>
            <line number="1415" hits="844" branch="false"/>
            <line number="1633" hits="130" branch="false"/>
            <line number="1634" hits="130" branch="true" condition-coverage="50% (1/2)">
              <conditions>
                <condition number="0" type="jump" coverage="50%"/>
              </conditions>
            </line>
            <line number="1637" hits="32" branch="true" condition-coverage="50% (16/32)">
              <conditions>
                <condition number="0" type="jump" coverage="50%"/>
              </conditions>
            </line>
            <line number="1639" hits="512" branch="true" condition-coverage="32% (22/68)">
              <conditions>
                <condition number="0" type="jump" coverage="32%"/>
              </conditions>
            </line>
            <line number="1661" hits="4" branch="false"/>
            <line number="1662" hits="8" branch="true" condition-coverage="50% (4/8)">
              <conditions>
                <condition number="0" type="jump" coverage="50%"/>
              </conditions>
            </line>
            <line number="1719" hits="352" branch="false"/>
            <line number="1720" hits="352" branch="false"/>
            <line number="1750" hits="352" branch="false"/>
            <line number="1752" hits="352" branch="true" condition-coverage="50% (1/2)">
              <conditions>
                <condition number="0" type="jump" coverage="50%"/>
              </conditions>
            </line>
            <line number="1754" hits="352" branch="false"/>
            <line number="1755" hits="352" branch="false"/>
            <line number="1757" hits="352" branch="false"/>
          </lines>
        </class>
        <class name="shared_ptr_h" filename="/usr/include/c++/10/bits/shared_ptr.h" line-rate="1.0" branch-rate="0.5918803418803419" complexity="0.0">
          <methods/>
          <lines>
            <line number="121" hits="7830" branch="true" condition-coverage="58% (282/483)">
              <conditions>
                <condition number="0" type="jump" coverage="58%"/>
              </conditions>
            </line>
            <line number="147" hits="26" branch="false"/>
            <line number="149" hits="1782" branch="true" condition-coverage="69% (171/245)">
              <conditions>
                <condition number="0" type="jump" coverage="69%"/>
              </conditions>
            </line>
            <line number="256" hits="22" branch="false"/>
            <line number="257" hits="22" branch="true" condition-coverage="50% (2/4)">
              <conditions>
                <condition number="0" type="jump" coverage="50%"/>
              </conditions>
            </line>
            <line number="295" hits="8" branch="false"/>
            <line number="296" hits="16" branch="true" condition-coverage="50% (4/8)">
              <conditions>
                <condition number="0" type="jump" coverage="50%"/>
              </conditions>
            </line>
            <line number="303" hits="106" branch="false"/>
            <line number="304" hits="106" branch="true" condition-coverage="33% (1/3)">
              <conditions>
                <condition number="0" type="jump" coverage="33%"/>
              </conditions>
            </line>
            <line number="312" hits="108" branch="false"/>
            <line number="313" hits="108" branch="true" condition-coverage="50% (1/2)">
              <conditions>
                <condition number="0" type="jump" coverage="50%"/>
              </conditions>
            </line>
            <line number="358" hits="16" branch="true" condition-coverage="57% (8/14)">
              <conditions>
                <condition number="0" type="jump" coverage="57%"/>
              </conditions>
            </line>
            <line number="382" hits="294" branch="false"/>
            <line number="384" hits="294" branch="false"/>
            <line number="390" hits="172" branch="false"/>
            <line number="392" hits="172" branch="false"/>
            <line number="407" hits="1930" branch="false"/>
            <line number="408" hits="1930" branch="false"/>
            <line number="409" hits="1670" branch="false"/>
            <line number="436" hits="8" branch="false"/>
            <line number="437" hits="8" branch="true" condition-coverage="50% (1/2)">
              <conditions>
                <condition number="0" type="jump" coverage="50%"/>
              </conditions>
            </line>
            <line number="475" hits="4" branch="false"/>
            <line number="476" hits="4" branch="true" condition-coverage="50% (2/4)">
              <conditions>
                <condition number="0" type="jump" coverage="50%"/>
              </conditions>
            </line>
            <line number="581" hits="4" branch="false"/>
            <line number="584" hits="4" branch="true" condition-coverage="50% (1/2)">
              <conditions>
                <condition number="0" type="jump" coverage="50%"/>
              </conditions>
            </line>
            <line number="599" hits="18" branch="false"/>
            <line number="602" hits="18" branch="true" condition-coverage="50% (2/4)">
              <conditions>
                <condition number="0" type="jump" coverage="50%"/>
              </conditions>
            </line>
            <line number="603" hits="18" branch="false"/>
            <line number="604" hits="18" branch="false"/>
            <line number="685" hits="968" branch="true" condition-coverage="33% (20/60)">
              <conditions>
                <condition number="0" type="jump" coverage="33%"/>
              </conditions>
            </line>
            <line number="698" hits="130" branch="false"/>
            <line number="702" hits="4" branch="false"/>
            <line number="703" hits="8" branch="true" condition-coverage="50% (4/8)">
              <conditions>
                <condition number="0" type="jump" coverage="50%"/>
              </conditions>
            </line>
            <line number="705" hits="32" branch="true" condition-coverage="50% (16/32)">
              <conditions>
                <condition number="0" type="jump" coverage="50%"/>
              </conditions>
            </line>
            <line number="794" hits="130" branch="true" condition-coverage="50% (1/2)">
              <conditions>
                <condition number="0" type="jump" coverage="50%"/>
              </conditions>
            </line>
            <line number="802" hits="472" branch="true" condition-coverage="22% (2/9)">
              <conditions>
                <condition number="0" type="jump" coverage="22%"/>
              </conditions>
            </line>
            <line number="827" hits="574" branch="false"/>
            <line number="828" hits="574" branch="true" condition-coverage="50% (1/2)">
              <conditions>
                <condition number="0" type="jump" coverage="50%"/>
              </conditions>
            </line>
            <line number="832" hits="352" branch="true" condition-coverage="50% (2/4)">
              <conditions>
                <condition number="0" type="jump" coverage="50%"/>
              </conditions>
            </line>
            <line number="857" hits="806" branch="false"/>
            <line number="860" hits="650" branch="true" condition-coverage="68% (33/48)">
              <conditions>
                <condition number="0" type="jump" coverage="68%"/>
              </conditions>
            </line>
          </lines>
        </class>
        <class name="std_function_h" filename="/usr/include/c++/10/bits/std_function.h" line-rate="0.72" branch-rate="0.35714285714285715" complexity="0.0">
          <methods/>
          <lines>
            <line number="87" hits="108" branch="false"/>
            <line number="88" hits="12" branch="false"/>
            <line number="92" hits="54" branch="false"/>
            <line number="93" hits="54" branch="false"/>
            <line number="97" hits="12" branch="false"/>
            <line number="98" hits="12" branch="false"/>
            <line number="136" hits="12" branch="false"/>
            <line number="140" hits="12" branch="false"/>
            <line number="141" hits="12" branch="false"/>
            <line number="150" hits="0" branch="false"/>
            <line number="152" hits="0" branch="false"/>
            <line number="167" hits="54" branch="false"/>
            <line number="169" hits="54" branch="false"/>
            <line number="181" hits="108" branch="false"/>
            <line number="184" hits="108" branch="true" condition-coverage="20% (1/5)">
              <conditions>
                <condition number="0" type="jump" coverage="20%"/>
              </conditions>
            </line>
            <line number="187" hits="0" branch="false"/>
            <line number="188" hits="0" branch="false"/>
            <line number="189" hits="0" branch="false"/>
            <line number="191" hits="0" branch="false"/>
            <line number="192" hits="0" branch="false"/>
            <line number="193" hits="0" branch="false"/>
            <line number="195" hits="0" branch="false"/>
            <line number="196" hits="0" branch="false"/>
            <line number="197" hits="0" branch="false"/>
            <line number="199" hits="108" branch="false"/>
            <line number="200" hits="108" branch="false"/>
            <line number="201" hits="108" branch="false"/>
            <line number="203" hits="108" branch="false"/>
            <line number="207" hits="54" branch="false"/>
            <line number="208" hits="54" branch="false"/>
            <line number="217" hits="42" branch="false"/>
            <line number="227" hits="12" branch="false"/>
            <line number="232" hits="54" branch="false"/>
            <line number="233" hits="54" branch="false"/>
            <line number="240" hits="54" branch="false"/>
            <line number="242" hits="54" branch="false"/>
            <line number="243" hits="54" branch="false"/>
            <line number="244" hits="54" branch="true" condition-coverage="50% (1/2)">
              <conditions>
                <condition number="0" type="jump" coverage="50%"/>
              </conditions>
            </line>
            <line number="245" hits="0" branch="false"/>
            <line number="246" hits="54" branch="false"/>
            <line number="268" hits="108" branch="false"/>
            <line number="271" hits="108" branch="true" condition-coverage="33% (1/3)">
              <conditions>
                <condition number="0" type="jump" coverage="33%"/>
              </conditions>
            </line>
            <line number="274" hits="0" branch="false"/>
            <line number="275" hits="0" branch="false"/>
            <line number="276" hits="0" branch="false"/>
            <line number="278" hits="0" branch="false"/>
            <line number="279" hits="0" branch="false"/>
            <line number="280" hits="0" branch="false"/>
            <line number="282" hits="108" branch="false"/>
            <line number="283" hits="108" branch="false"/>
            <line number="285" hits="108" branch="false"/>
            <line number="289" hits="24" branch="false"/>
            <line number="291" hits="24" branch="false"/>
            <line number="292" hits="24" branch="false"/>
            <line number="303" hits="108" branch="false"/>
            <line number="428" hits="18" branch="false"/>
            <line number="430" hits="18" branch="true" condition-coverage="50% (1/2)">
              <conditions>
                <condition number="0" type="jump" coverage="50%"/>
              </conditions>
            </line>
            <line number="432" hits="0" branch="false"/>
            <line number="433" hits="0" branch="false"/>
            <line number="434" hits="0" branch="false"/>
            <line number="436" hits="18" branch="false"/>
            <line number="457" hits="108" branch="false"/>
            <line number="459" hits="108" branch="false"/>
            <line number="460" hits="108" branch="false"/>
            <line number="481" hits="54" branch="false"/>
            <line number="483" hits="54" branch="false"/>
            <line number="484" hits="54" branch="false"/>
            <line number="485" hits="54" branch="false"/>
            <line number="601" hits="108" branch="false"/>
            <line number="603" hits="108" branch="false"/>
            <line number="607" hits="84" branch="true" condition-coverage="50% (1/2)">
              <conditions>
                <condition number="0" type="jump" coverage="50%"/>
              </conditions>
            </line>
            <line number="609" hits="108" branch="false"/>
            <line number="610" hits="108" branch="false"/>
            <line number="611" hits="108" branch="false"/>
            <line number="613" hits="108" branch="false"/>
          </lines>
        </class>
        <class name="stl_algobase_h" filename="/usr/include/c++/10/bits/stl_algobase.h" line-rate="0.5625" branch-rate="0.625" complexity="0.0">
          <methods/>
          <lines>
            <line number="230" hits="146" branch="true" condition-coverage="50% (3/6)">
              <conditions>
                <condition number="0" type="jump" coverage="50%"/>
              </conditions>
            </line>
            <line number="254" hits="576" branch="false"/>
            <line number="259" hits="576" branch="true" condition-coverage="100% (4/4)">
              <conditions>
                <condition number="0" type="jump" coverage="100%"/>
              </conditions>
            </line>
            <line number="260" hits="16" branch="false"/>
            <line number="313" hits="128" branch="true" condition-coverage="75% (6/8)">
              <conditions>
                <condition number="0" type="jump" coverage="75%"/>
              </conditions>
            </line>
            <line number="330" hits="12" branch="false"/>
            <line number="415" hits="12" branch="false"/>
            <line number="424" hits="12" branch="false"/>
            <line number="425" hits="12" branch="false"/>
            <line number="426" hits="12" branch="false"/>
            <line number="427" hits="0" branch="false"/>
            <line number="463" hits="12" branch="false"/>
            <line number="472" hits="12" branch="false"/>
            <line number="505" hits="12" branch="false"/>
            <line number="506" hits="12" branch="false"/>
            <line number="511" hits="12" branch="false"/>
            <line number="513" hits="24" branch="false"/>
            <line number="560" hits="12" branch="true" condition-coverage="50% (1/2)">
              <conditions>
                <condition number="0" type="jump" coverage="50%"/>
              </conditions>
            </line>
            <line number="569" hits="12" branch="true" condition-coverage="50% (1/2)">
              <conditions>
                <condition number="0" type="jump" coverage="50%"/>
              </conditions>
            </line>
            <line number="680" hits="0" branch="false"/>
            <line number="689" hits="0" branch="false"/>
            <line number="690" hits="0" branch="true" condition-coverage="0% (0/2)">
              <conditions>
                <condition number="0" type="jump" coverage="0%"/>
              </conditions>
            </line>
            <line number="691" hits="0" branch="false"/>
            <line number="692" hits="0" branch="false"/>
            <line number="699" hits="0" branch="false"/>
            <line number="709" hits="0" branch="false"/>
            <line number="717" hits="0" branch="false"/>
            <line number="718" hits="0" branch="false"/>
            <line number="745" hits="0" branch="false"/>
            <line number="747" hits="0" branch="false"/>
            <line number="797" hits="0" branch="false"/>
            <line number="808" hits="0" branch="false"/>
          </lines>
        </class>
        <class name="stl_construct_h" filename="/usr/include/c++/10/bits/stl_construct.h" line-rate="1.0" branch-rate="0.75" complexity="0.0">
          <methods/>
          <lines>
            <line number="135" hits="1600" branch="false"/>
            <line number="140" hits="1600" branch="false"/>
            <line number="149" hits="1140" branch="false"/>
            <line number="151" hits="4340" branch="true" condition-coverage="100% (2/2)">
              <conditions>
                <condition number="0" type="jump" coverage="100%"/>
              </conditions>
            </line>
            <line number="152" hits="6400" branch="true" condition-coverage="50% (1/2)">
              <conditions>
                <condition number="0" type="jump" coverage="50%"/>
              </conditions>
            </line>
            <line number="153" hits="1140" branch="false"/>
            <line number="161" hits="14" branch="false"/>
            <line number="171" hits="584" branch="false"/>
            <line number="185" hits="584" branch="false"/>
          </lines>
        </class>
        <class name="stl_deque_h" filename="/usr/include/c++/10/bits/stl_deque.h" line-rate="0.8571428571428571" branch-rate="0.4875" complexity="0.0">
          <methods/>
          <lines>
            <line number="131" hits="532" branch="false"/>
            <line number="151" hits="90" branch="false"/>
            <line number="152" hits="90" branch="false"/>
            <line number="168" hits="800" branch="false"/>
            <line number="169" hits="800" branch="false"/>
            <line number="170" hits="800" branch="false"/>
            <line number="180" hits="64" branch="true" condition-coverage="50% (1/2)">
              <conditions>
                <condition number="0" type="jump" coverage="50%"/>
              </conditions>
            </line>
            <line number="188" hits="64" branch="false"/>
            <line number="190" hits="64" branch="false"/>
            <line number="191" hits="64" branch="true" condition-coverage="100% (2/2)">
              <conditions>
                <condition number="0" type="jump" coverage="100%"/>
              </conditions>
            </line>
            <line number="193" hits="2" branch="false"/>
            <line number="194" hits="2" branch="false"/>
            <line number="196" hits="64" branch="false"/>
            <line number="260" hits="514" branch="false"/>
            <line number="262" hits="514" branch="false"/>
            <line number="263" hits="514" branch="false"/>
            <line number="264" hits="512" branch="false"/>
            <line number="268" hits="66" branch="false"/>
            <line number="269" hits="66" branch="false"/>
            <line number="291" hits="66" branch="false"/>
            <line number="292" hits="66" branch="true" condition-coverage="100% (2/2)">
              <conditions>
                <condition number="0" type="jump" coverage="100%"/>
              </conditions>
            </line>
            <line number="353" hits="18" branch="false"/>
            <line number="356" hits="18" branch="false"/>
            <line number="357" hits="18" branch="false"/>
            <line number="434" hits="90" branch="false"/>
            <line number="435" hits="90" branch="false"/>
            <line number="436" hits="180" branch="false"/>
            <line number="492" hits="90" branch="false"/>
            <line number="493" hits="90" branch="false"/>
            <line number="518" hits="516" branch="false"/>
            <line number="521" hits="90" branch="false"/>
            <line number="523" hits="90" branch="false"/>
            <line number="544" hits="2" branch="false"/>
            <line number="545" hits="512" branch="false"/>
            <line number="548" hits="1028" branch="false"/>
            <line number="549" hits="1028" branch="false"/>
            <line number="552" hits="1026" branch="false"/>
            <line number="553" hits="1026" branch="false"/>
            <line number="556" hits="512" branch="false"/>
            <line number="559" hits="512" branch="true" condition-coverage="25% (1/4)">
              <conditions>
                <condition number="0" type="jump" coverage="25%"/>
              </conditions>
            </line>
            <line number="563" hits="518" branch="false"/>
            <line number="566" hits="1036" branch="false"/>
            <line number="570" hits="0" branch="false"/>
            <line number="572" hits="0" branch="true" condition-coverage="0% (0/2)">
              <conditions>
                <condition number="0" type="jump" coverage="0%"/>
              </conditions>
            </line>
            <line number="573" hits="510" branch="true" condition-coverage="25% (1/4)">
              <conditions>
                <condition number="0" type="jump" coverage="25%"/>
              </conditions>
            </line>
            <line number="577" hits="0" branch="false"/>
            <line number="579" hits="516" branch="false"/>
            <line number="580" hits="516" branch="false"/>
            <line number="581" hits="516" branch="false"/>
            <line number="593" hits="516" branch="false"/>
            <line number="596" hits="516" branch="true" condition-coverage="50% (1/2)">
              <conditions>
                <condition number="0" type="jump" coverage="50%"/>
              </conditions>
            </line>
            <line number="598" hits="516" branch="false"/>
            <line number="599" hits="516" branch="false"/>
            <line number="600" hits="516" branch="false"/>
            <line number="602" hits="516" branch="false"/>
            <line number="614" hits="510" branch="false"/>
            <line number="617" hits="510" branch="false"/>
            <line number="620" hits="1020" branch="false"/>
            <line number="621" hits="510" branch="true" condition-coverage="50% (1/2)">
              <conditions>
                <condition number="0" type="jump" coverage="50%"/>
              </conditions>
            </line>
            <line number="622" hits="510" branch="false"/>
            <line number="629" hits="510" branch="false"/>
            <line number="630" hits="510" branch="false"/>
            <line number="631" hits="510" branch="false"/>
            <line number="634" hits="510" branch="true" condition-coverage="50% (1/2)">
              <conditions>
                <condition number="0" type="jump" coverage="50%"/>
              </conditions>
            </line>
            <line number="635" hits="0" branch="false"/>
            <line number="637" hits="0" branch="false"/>
            <line number="638" hits="0" branch="false"/>
            <line number="639" hits="0" branch="false"/>
            <line number="640" hits="0" branch="false"/>
            <line number="643" hits="510" branch="false"/>
            <line number="644" hits="510" branch="false"/>
            <line number="645" hits="510" branch="false"/>
            <line number="646" hits="510" branch="false"/>
            <line number="647" hits="510" branch="false"/>
            <line number="648" hits="510" branch="false"/>
            <line number="649" hits="510" branch="false"/>
            <line number="653" hits="510" branch="false"/>
            <line number="659" hits="1020" branch="true" condition-coverage="100% (2/2)">
              <conditions>
                <condition number="0" type="jump" coverage="100%"/>
              </conditions>
            </line>
            <line number="660" hits="510" branch="false"/>
            <line number="662" hits="0" branch="false"/>
            <line number="664" hits="0" branch="false"/>
            <line number="665" hits="0" branch="false"/>
            <line number="667" hits="510" branch="false"/>
            <line number="671" hits="516" branch="false"/>
            <line number="675" hits="1034" branch="true" condition-coverage="100% (2/2)">
              <conditions>
                <condition number="0" type="jump" coverage="100%"/>
              </conditions>
            </line>
            <line number="676" hits="518" branch="false"/>
            <line number="677" hits="516" branch="false"/>
            <line number="804" hits="0" branch="false"/>
            <line number="831" hits="90" branch="true" condition-coverage="50% (3/6)">
              <conditions>
                <condition number="0" type="jump" coverage="50%"/>
              </conditions>
            </line>
            <line number="1003" hits="392" branch="false"/>
            <line number="1004" hits="392" branch="true" condition-coverage="25% (1/4)">
              <conditions>
                <condition number="0" type="jump" coverage="25%"/>
              </conditions>
            </line>
            <line number="1125" hits="410" branch="false"/>
            <line number="1126" hits="410" branch="false"/>
            <line number="1142" hits="394" branch="false"/>
            <line number="1143" hits="392" branch="false"/>
            <line number="1230" hits="18" branch="false"/>
            <line number="1231" hits="14" branch="true" condition-coverage="50% (7/14)">
              <conditions>
                <condition number="0" type="jump" coverage="50%"/>
              </conditions>
            </line>
            <line number="1235" hits="2" branch="false"/>
            <line number="1236" hits="2" branch="false"/>
            <line number="1402" hits="16" branch="false"/>
            <line number="1405" hits="16" branch="false"/>
            <line number="1471" hits="12" branch="true" condition-coverage="50% (4/8)">
              <conditions>
                <condition number="0" type="jump" coverage="50%"/>
              </conditions>
            </line>
            <line number="1472" hits="12" branch="true" condition-coverage="50% (4/8)">
              <conditions>
                <condition number="0" type="jump" coverage="50%"/>
              </conditions>
            </line>
            <line number="1493" hits="300" branch="false"/>
            <line number="1495" hits="300" branch="false"/>
            <line number="1496" hits="300" branch="true" condition-coverage="50% (1/2)">
              <conditions>
                <condition number="0" type="jump" coverage="50%"/>
              </conditions>
            </line>
            <line number="1498" hits="300" branch="true" condition-coverage="50% (1/2)">
              <conditions>
                <condition number="0" type="jump" coverage="50%"/>
              </conditions>
            </line>
            <line number="1500" hits="300" branch="false"/>
            <line number="1503" hits="0" branch="false"/>
            <line number="1504" hits="300" branch="false"/>
            <line number="1831" hits="2" branch="false"/>
            <line number="1833" hits="2" branch="true" condition-coverage="50% (1/2)">
              <conditions>
                <condition number="0" type="jump" coverage="50%"/>
              </conditions>
            </line>
            <line number="1834" hits="2" branch="true" condition-coverage="50% (1/2)">
              <conditions>
                <condition number="0" type="jump" coverage="50%"/>
              </conditions>
            </line>
            <line number="1835" hits="2" branch="true" condition-coverage="50% (1/2)">
              <conditions>
                <condition number="0" type="jump" coverage="50%"/>
              </conditions>
            </line>
            <line number="2042" hits="392" branch="false"/>
            <line number="2046" hits="390" branch="false"/>
            <line number="2047" hits="390" branch="false"/>
            <line number="2123" hits="0" branch="false"/>
            <line number="2125" hits="0" branch="false"/>
            <line number="2126" hits="0" branch="true" condition-coverage="0% (0/2)">
              <conditions>
                <condition number="0" type="jump" coverage="0%"/>
              </conditions>
            </line>
            <line number="2127" hits="0" branch="false"/>
            <line number="2131" hits="2" branch="false"/>
            <line number="2133" hits="2" branch="false"/>
            <line number="2134" hits="2" branch="true" condition-coverage="50% (1/2)">
              <conditions>
                <condition number="0" type="jump" coverage="50%"/>
              </conditions>
            </line>
            <line number="2135" hits="0" branch="false"/>
            <line number="2136" hits="2" branch="false"/>
          </lines>
        </class>
        <class name="stl_function_h" filename="/usr/include/c++/10/bits/stl_function.h" line-rate="0.75" branch-rate="0.2727272727272727" complexity="0.0">
          <methods/>
          <lines>
            <line number="385" hits="0" branch="true" condition-coverage="0% (0/2)">
              <conditions>
                <condition number="0" type="jump" coverage="0%"/>
              </conditions>
            </line>
            <line number="386" hits="158" branch="true" condition-coverage="18% (3/16)">
              <conditions>
                <condition number="0" type="jump" coverage="18%"/>
              </conditions>
            </line>
            <line number="1155" hits="486" branch="false"/>
            <line number="1156" hits="432" branch="true" condition-coverage="34% (9/26)">
              <conditions>
                <condition number="0" type="jump" coverage="34%"/>
              </conditions>
            </line>
          </lines>
        </class>
        <class name="stl_iterator_base_funcs_h" filename="/usr/include/c++/10/bits/stl_iterator_base_funcs.h" line-rate="0.8571428571428571" branch-rate="0.625" complexity="0.0">
          <methods/>
          <lines>
            <line number="98" hits="10165" branch="false"/>
            <line number="104" hits="10165" branch="false"/>
            <line number="138" hits="10165" branch="false"/>
            <line number="141" hits="10165" branch="true" condition-coverage="100% (2/2)">
              <conditions>
                <condition number="0" type="jump" coverage="100%"/>
              </conditions>
            </line>
            <line number="158" hits="56" branch="false"/>
            <line number="164" hits="56" branch="true" condition-coverage="50% (1/2)">
              <conditions>
                <condition number="0" type="jump" coverage="50%"/>
              </conditions>
            </line>
            <line number="165" hits="112" branch="false"/>
            <line number="166" hits="112" branch="true" condition-coverage="100% (2/2)">
              <conditions>
                <condition number="0" type="jump" coverage="100%"/>
              </conditions>
            </line>
            <line number="168" hits="0" branch="false"/>
            <line number="169" hits="0" branch="true" condition-coverage="0% (0/2)">
              <conditions>
                <condition number="0" type="jump" coverage="0%"/>
              </conditions>
            </line>
            <line number="170" hits="56" branch="false"/>
            <line number="202" hits="28" branch="false"/>
            <line number="205" hits="28" branch="false"/>
            <line number="206" hits="28" branch="false"/>
          </lines>
        </class>
        <class name="stl_iterator_base_types_h" filename="/usr/include/c++/10/bits/stl_iterator_base_types.h" line-rate="1.0" branch-rate="0.0" complexity="0.0">
          <methods/>
          <lines>
            <line number="238" hits="28" branch="false"/>
          </lines>
        </class>
        <class name="stl_iterator_h" filename="/usr/include/c++/10/bits/stl_iterator.h" line-rate="0.8666666666666667" branch-rate="0.6808510638297872" complexity="0.0">
          <methods/>
          <lines>
            <line number="953" hits="144" branch="true" condition-coverage="50% (2/4)">
              <conditions>
                <condition number="0" type="jump" coverage="50%"/>
              </conditions>
            </line>
            <line number="954" hits="104" branch="true" condition-coverage="50% (1/2)">
              <conditions>
                <condition number="0" type="jump" coverage="50%"/>
              </conditions>
            </line>
            <line number="959" hits="0" branch="false"/>
            <line number="963" hits="0" branch="false"/>
            <line number="968" hits="104" branch="true" condition-coverage="52% (9/17)">
              <conditions>
                <condition number="0" type="jump" coverage="52%"/>
              </conditions>
            </line>
            <line number="978" hits="30" branch="false"/>
            <line number="980" hits="30" branch="false"/>
            <line number="981" hits="30" branch="false"/>
            <line number="1026" hits="50" branch="false"/>
            <line number="1027" hits="50" branch="false"/>
            <line number="1031" hits="154" branch="true" condition-coverage="75% (6/8)">
              <conditions>
                <condition number="0" type="jump" coverage="75%"/>
              </conditions>
            </line>
            <line number="1088" hits="46" branch="false"/>
            <line number="1091" hits="46" branch="true" condition-coverage="100% (12/12)">
              <conditions>
[...]
            </line>
            <line number="84" hits="2" branch="false"/>
            <line number="85" hits="2" branch="true" condition-coverage="12% (1/8)">
              <conditions>
                <condition number="0" type="jump" coverage="12%"/>
              </conditions>
            </line>
            <line number="86" hits="2" branch="true" condition-coverage="12% (1/8)">
              <conditions>
                <condition number="0" type="jump" coverage="12%"/>
              </conditions>
            </line>
            <line number="92" hits="2" branch="false"/>
            <line number="93" hits="2" branch="true" condition-coverage="12% (1/8)">
              <conditions>
                <condition number="0" type="jump" coverage="12%"/>
              </conditions>
            </line>
            <line number="94" hits="2" branch="true" condition-coverage="12% (1/8)">
              <conditions>
                <condition number="0" type="jump" coverage="12%"/>
              </conditions>
            </line>
            <line number="102" hits="2" branch="false"/>
            <line number="103" hits="2" branch="true" condition-coverage="12% (1/8)">
              <conditions>
                <condition number="0" type="jump" coverage="12%"/>
              </conditions>
            </line>
            <line number="104" hits="2" branch="true" condition-coverage="12% (1/8)">
              <conditions>
                <condition number="0" type="jump" coverage="12%"/>
              </conditions>
            </line>
            <line number="111" hits="2" branch="false"/>
            <line number="112" hits="2" branch="true" condition-coverage="12% (1/8)">
              <conditions>
                <condition number="0" type="jump" coverage="12%"/>
              </conditions>
            </line>
            <line number="113" hits="2" branch="true" condition-coverage="12% (1/8)">
              <conditions>
                <condition number="0" type="jump" coverage="12%"/>
              </conditions>
            </line>
            <line number="119" hits="2" branch="false"/>
            <line number="120" hits="2" branch="true" condition-coverage="12% (1/8)">
              <conditions>
                <condition number="0" type="jump" coverage="12%"/>
              </conditions>
            </line>
            <line number="121" hits="2" branch="true" condition-coverage="12% (1/8)">
              <conditions>
                <condition number="0" type="jump" coverage="12%"/>
              </conditions>
            </line>
            <line number="129" hits="2" branch="false"/>
            <line number="130" hits="2" branch="false"/>
            <line number="131" hits="2" branch="false"/>
            <line number="132" hits="2" branch="false"/>
            <line number="133" hits="2" branch="false"/>
            <line number="134" hits="2" branch="true" condition-coverage="12% (1/8)">
              <conditions>
                <condition number="0" type="jump" coverage="12%"/>
              </conditions>
            </line>
            <line number="135" hits="4" branch="true" condition-coverage="12% (1/8)">
              <conditions>
                <condition number="0" type="jump" coverage="12%"/>
              </conditions>
            </line>
            <line number="138" hits="2" branch="true" condition-coverage="50% (1/2)">
              <conditions>
                <condition number="0" type="jump" coverage="50%"/>
              </conditions>
            </line>
            <line number="139" hits="2" branch="false"/>
            <line number="140" hits="2" branch="false"/>
            <line number="142" hits="8" branch="true" condition-coverage="100% (2/2)">
              <conditions>
                <condition number="0" type="jump" coverage="100%"/>
              </conditions>
            </line>
            <line number="143" hits="6" branch="true" condition-coverage="100% (2/2)">
              <conditions>
                <condition number="0" type="jump" coverage="100%"/>
              </conditions>
            </line>
            <line number="144" hits="2" branch="false"/>
            <line number="145" hits="2" branch="false"/>
            <line number="146" hits="4" branch="true" condition-coverage="50% (1/2)">
              <conditions>
                <condition number="0" type="jump" coverage="50%"/>
              </conditions>
            </line>
            <line number="147" hits="4" branch="false"/>
            <line number="148" hits="4" branch="false"/>
            <line number="149" hits="8" branch="false"/>
            <line number="150" hits="4" branch="false"/>
            <line number="153" hits="6" branch="false"/>
            <line number="157" hits="6" branch="false"/>
            <line number="159" hits="12" branch="true" condition-coverage="12% (1/8)">
              <conditions>
                <condition number="0" type="jump" coverage="12%"/>
              </conditions>
            </line>
            <line number="163" hits="2" branch="true" condition-coverage="50% (1/2)">
              <conditions>
                <condition number="0" type="jump" coverage="50%"/>
              </conditions>
            </line>
            <line number="164" hits="2" branch="false"/>
            <line number="165" hits="2" branch="false"/>
            <line number="168" hits="2" branch="false"/>
            <line number="169" hits="2" branch="true" condition-coverage="12% (1/8)">
              <conditions>
                <condition number="0" type="jump" coverage="12%"/>
              </conditions>
            </line>
            <line number="170" hits="2" branch="true" condition-coverage="12% (1/8)">
              <conditions>
                <condition number="0" type="jump" coverage="12%"/>
              </conditions>
            </line>
            <line number="173" hits="2" branch="false"/>
            <line number="174" hits="2" branch="true" condition-coverage="12% (1/8)">
              <conditions>
                <condition number="0" type="jump" coverage="12%"/>
              </conditions>
            </line>
            <line number="175" hits="2" branch="true" condition-coverage="12% (1/8)">
              <conditions>
                <condition number="0" type="jump" coverage="12%"/>
              </conditions>
            </line>
            <line number="177" hits="2" branch="false"/>
            <line number="180" hits="2" branch="true" condition-coverage="12% (1/8)">
              <conditions>
                <condition number="0" type="jump" coverage="12%"/>
              </conditions>
            </line>
            <line number="181" hits="4" branch="true" condition-coverage="12% (1/8)">
              <conditions>
                <condition number="0" type="jump" coverage="12%"/>
              </conditions>
            </line>
          </lines>
        </class>
        <class name="numberUtil_test_cpp" filename="TacOS/src/tests/platform/numberUtil_test.cpp" line-rate="1.0" branch-rate="0.15714285714285714" complexity="0.0">
          <methods/>
          <lines>
            <line number="16" hits="2" branch="true" condition-coverage="50% (1/2)">
              <conditions>
                <condition number="0" type="jump" coverage="50%"/>
              </conditions>
            </line>
            <line number="17" hits="2" branch="true" condition-coverage="12% (1/8)">
              <conditions>
                <condition number="0" type="jump" coverage="12%"/>
              </conditions>
            </line>
            <line number="18" hits="4" branch="true" condition-coverage="12% (1/8)">
              <conditions>
                <condition number="0" type="jump" coverage="12%"/>
              </conditions>
            </line>
            <line number="21" hits="2" branch="true" condition-coverage="50% (1/2)">
              <conditions>
                <condition number="0" type="jump" coverage="50%"/>
              </conditions>
            </line>
            <line number="22" hits="2" branch="true" condition-coverage="12% (1/8)">
              <conditions>
                <condition number="0" type="jump" coverage="12%"/>
              </conditions>
            </line>
            <line number="23" hits="4" branch="true" condition-coverage="12% (1/8)">
              <conditions>
                <condition number="0" type="jump" coverage="12%"/>
              </conditions>
            </line>
            <line number="26" hits="2" branch="true" condition-coverage="50% (1/2)">
              <conditions>
                <condition number="0" type="jump" coverage="50%"/>
              </conditions>
            </line>
            <line number="27" hits="2" branch="true" condition-coverage="12% (1/8)">
              <conditions>
                <condition number="0" type="jump" coverage="12%"/>
              </conditions>
            </line>
            <line number="28" hits="2" branch="true" condition-coverage="12% (1/8)">
              <conditions>
                <condition number="0" type="jump" coverage="12%"/>
              </conditions>
            </line>
            <line number="29" hits="2" branch="true" condition-coverage="12% (1/8)">
              <conditions>
                <condition number="0" type="jump" coverage="12%"/>
              </conditions>
            </line>
            <line number="30" hits="4" branch="true" condition-coverage="12% (1/8)">
              <conditions>
                <condition number="0" type="jump" coverage="12%"/>
              </conditions>
            </line>
          </lines>
        </class>
        <class name="protocolBuffer_test_cpp" filename="TacOS/src/tests/platform/protocolBuffer_test.cpp" line-rate="1.0" branch-rate="0.12790697674418605" complexity="0.0">
          <methods/>
          <lines>
            <line number="19" hits="4" branch="false"/>
            <line number="21" hits="2" branch="false"/>
            <line number="22" hits="2" branch="false"/>
            <line number="25" hits="2" branch="true" condition-coverage="50% (1/2)">
              <conditions>
                <condition number="0" type="jump" coverage="50%"/>
              </conditions>
            </line>
            <line number="27" hits="2" branch="false"/>
            <line number="28" hits="2" branch="false"/>
            <line number="29" hits="2" branch="false"/>
            <line number="34" hits="2" branch="false"/>
            <line number="35" hits="2" branch="false"/>
            <line number="36" hits="2" branch="false"/>
            <line number="37" hits="2" branch="false"/>
            <line number="38" hits="2" branch="false"/>
            <line number="40" hits="2" branch="false"/>
            <line number="41" hits="2" branch="false"/>
            <line number="42" hits="2" branch="false"/>
            <line number="43" hits="2" branch="false"/>
            <line number="46" hits="2" branch="false"/>
            <line number="49" hits="2" branch="false"/>
            <line number="50" hits="2" branch="false"/>
            <line number="52" hits="2" branch="true" condition-coverage="10% (1/10)">
              <conditions>
                <condition number="0" type="jump" coverage="10%"/>
              </conditions>
            </line>
            <line number="57" hits="2" branch="false"/>
            <line number="60" hits="2" branch="false"/>
            <line number="63" hits="2" branch="false"/>
            <line number="65" hits="2" branch="true" condition-coverage="10% (1/10)">
              <conditions>
                <condition number="0" type="jump" coverage="10%"/>
              </conditions>
            </line>
            <line number="67" hits="2" branch="true" condition-coverage="12% (1/8)">
              <conditions>
                <condition number="0" type="jump" coverage="12%"/>
              </conditions>
            </line>
            <line number="68" hits="2" branch="true" condition-coverage="12% (1/8)">
              <conditions>
                <condition number="0" type="jump" coverage="12%"/>
              </conditions>
            </line>
            <line number="69" hits="2" branch="true" condition-coverage="12% (1/8)">
              <conditions>
                <condition number="0" type="jump" coverage="12%"/>
              </conditions>
            </line>
            <line number="70" hits="2" branch="true" condition-coverage="12% (1/8)">
              <conditions>
                <condition number="0" type="jump" coverage="12%"/>
              </conditions>
            </line>
            <line number="72" hits="2" branch="true" condition-coverage="12% (1/8)">
              <conditions>
                <condition number="0" type="jump" coverage="12%"/>
              </conditions>
            </line>
            <line number="73" hits="2" branch="true" condition-coverage="12% (1/8)">
              <conditions>
                <condition number="0" type="jump" coverage="12%"/>
              </conditions>
            </line>
            <line number="74" hits="2" branch="true" condition-coverage="12% (1/8)">
              <conditions>
                <condition number="0" type="jump" coverage="12%"/>
              </conditions>
            </line>
            <line number="75" hits="4" branch="true" condition-coverage="12% (1/8)">
              <conditions>
                <condition number="0" type="jump" coverage="12%"/>
              </conditions>
            </line>
          </lines>
        </class>
      </classes>
    </package>
    <package name="TacOS.src.tests.platformMock" line-rate="0.3142857142857143" branch-rate="0.19230769230769232" complexity="0.0">
      <classes>
        <class name="I2CDeviceMock_cpp" filename="TacOS/src/tests/platformMock/I2CDeviceMock.cpp" line-rate="0.21621621621621623" branch-rate="0.0" complexity="0.0">
          <methods/>
          <lines>
            <line number="14" hits="212" branch="false"/>
            <line number="15" hits="212" branch="true" condition-coverage="0% (0/4)">
              <conditions>
                <condition number="0" type="jump" coverage="0%"/>
              </conditions>
            </line>
            <line number="16" hits="212" branch="false"/>
            <line number="17" hits="212" branch="false"/>
            <line number="18" hits="212" branch="false"/>
            <line number="21" hits="212" branch="true" condition-coverage="0% (0/2)">
              <conditions>
                <condition number="0" type="jump" coverage="0%"/>
              </conditions>
            </line>
            <line number="24" hits="0" branch="false"/>
            <line number="25" hits="0" branch="false"/>
            <line number="26" hits="0" branch="false"/>
            <line number="29" hits="0" branch="false"/>
            <line number="30" hits="0" branch="false"/>
            <line number="31" hits="0" branch="false"/>
            <line number="32" hits="0" branch="false"/>
            <line number="35" hits="0" branch="false"/>
            <line number="36" hits="0" branch="false"/>
            <line number="37" hits="0" branch="false"/>
            <line number="38" hits="0" branch="false"/>
            <line number="39" hits="0" branch="false"/>
            <line number="42" hits="0" branch="false"/>
            <line number="43" hits="0" branch="false"/>
            <line number="44" hits="0" branch="false"/>
            <line number="45" hits="0" branch="false"/>
            <line number="48" hits="0" branch="false"/>
            <line number="49" hits="0" branch="false"/>
            <line number="50" hits="0" branch="false"/>
            <line number="51" hits="0" branch="false"/>
            <line number="52" hits="0" branch="false"/>
            <line number="55" hits="796" branch="false"/>
            <line number="56" hits="796" branch="false"/>
            <line number="59" hits="0" branch="false"/>
            <line number="60" hits="0" branch="false"/>
            <line number="63" hits="0" branch="false"/>
            <line number="64" hits="0" branch="false"/>
            <line number="67" hits="0" branch="false"/>
            <line number="70" hits="0" branch="false"/>
            <line number="73" hits="0" branch="false"/>
            <line number="74" hits="0" branch="false"/>
          </lines>
        </class>
        <class name="Semaphore_cpp" filename="TacOS/src/tests/platformMock/Semaphore.cpp" line-rate="0.47058823529411764" branch-rate="0.0" complexity="0.0">
          <methods/>
          <lines>
            <line number="14" hits="0" branch="false"/>
            <line number="17" hits="0" branch="false"/>
            <line number="20" hits="0" branch="false"/>
            <line number="21" hits="0" branch="false"/>
            <line number="24" hits="0" branch="false"/>
            <line number="29" hits="0" branch="false"/>
            <line number="32" hits="12" branch="false"/>
            <line number="33" hits="12" branch="false"/>
            <line number="35" hits="12" branch="false"/>
            <line number="36" hits="12" branch="false"/>
            <line number="39" hits="24" branch="false"/>
            <line number="40" hits="24" branch="false"/>
            <line number="42" hits="0" branch="false"/>
            <line number="45" hits="0" branch="false"/>
            <line number="50" hits="12" branch="false"/>
            <line number="51" hits="12" branch="false"/>
            <line number="55" hits="0" branch="false"/>
          </lines>
        </class>
        <class name="ServiceProvider_cpp" filename="TacOS/src/tests/platformMock/ServiceProvider.cpp" line-rate="0.3333333333333333" branch-rate="0.23076923076923078" complexity="0.0">
          <methods/>
          <lines>
            <line number="20" hits="8" branch="true" condition-coverage="50% (1/2)">
              <conditions>
                <condition number="0" type="jump" coverage="50%"/>
              </conditions>
            </line>
            <line number="23" hits="32" branch="false"/>
            <line number="24" hits="96" branch="true" condition-coverage="28% (2/7)">
              <conditions>
                <condition number="0" type="jump" coverage="28%"/>
              </conditions>
            </line>
            <line number="26" hits="32" branch="false"/>
            <line number="29" hits="0" branch="false"/>
            <line number="30" hits="0" branch="false"/>
            <line number="31" hits="0" branch="false"/>
            <line number="32" hits="0" branch="true" condition-coverage="0% (0/2)">
              <conditions>
                <condition number="0" type="jump" coverage="0%"/>
              </conditions>
            </line>
            <line number="33" hits="0" branch="false"/>
            <line number="34" hits="0" branch="true" condition-coverage="0% (0/2)">
              <conditions>
                <condition number="0" type="jump" coverage="0%"/>
              </conditions>
            </line>
            <line number="37" hits="0" branch="false"/>
            <line number="38" hits="0" branch="false"/>
          </lines>
        </class>
        <class name="ServiceSubscriber_cpp" filename="TacOS/src/tests/platformMock/ServiceSubscriber.cpp" line-rate="0.5" branch-rate="0.2857142857142857" complexity="0.0">
          <methods/>
          <lines>
            <line number="14" hits="16" branch="false"/>
            <line number="15" hits="32" branch="true" condition-coverage="28% (2/7)">
              <conditions>
                <condition number="0" type="jump" coverage="28%"/>
              </conditions>
            </line>
            <line number="18" hits="0" branch="false"/>
            <line number="19" hits="0" branch="false"/>
          </lines>
        </class>
      </classes>
    </package>
  </packages>
</coverage>
